<?xml version="1.0" encoding="UTF-8"?>
<testsuite errors="0" failures="0" hostname="YangXing-PC" name="ParkingManagerTest" tests="2" time="0.0030" timestamp="2012-12-20T18:02:51">
  <properties />
  <testcase classname="ParkingManagerTest" name="parkingManager_ShouldParkCar" time="0.0" />
  <testcase classname="ParkingManagerTest" name="parkingManager_ShouldManageParkBoy" time="0.0" />
  <system-out><![CDATA[]]></system-out>
  <system-err><![CDATA[]]></system-err>
</testsuite>
