<?xml version="1.0" encoding="UTF-8"?>
<testsuite errors="0" failures="0" hostname="YangXing-PC" name="ParkingBoyTest" tests="1" time="0.046" timestamp="2012-12-20T18:02:51">
  <properties />
  <testcase classname="ParkingBoyTest" name="parkingBoy_ShouldShowParkingLotInfo" time="0.0010" />
  <system-out><![CDATA[]]></system-out>
  <system-err><![CDATA[]]></system-err>
</testsuite>
